Starting process: Module

Starting process: 

SCUBA, Version Diamond (64-bit) 3.13.0.56.2
Thu Nov 28 11:04:58 2024

Copyright (c) 1991-1994 by NeoCAD Inc. All rights reserved.
Copyright (c) 1995 AT&T Corp.   All rights reserved.
Copyright (c) 1995-2001 Lucent Technologies Inc.  All rights reserved.
Copyright (c) 2001 Agere Systems   All rights reserved.
Copyright (c) 2002-2023 Lattice Semiconductor Corporation,  All rights reserved.

BEGIN SCUBA Module Synthesis

    Issued command   : C:\lscc\diamond\3.13\ispfpga\bin\nt64\scuba.exe -w -n TITLES -lang vhdl -synth synplify -bus_exp 7 -bb -arch xo2c00 -type romblk -device LCMXO2-1200HC -addr_width 8 -data_width 96 -num_words 256 -outdata REGISTERED -cascade -1 -resetmode SYNC -sync_reset -memfile c:/users/reinhard/documents/github_lumacode/lumacode/signalgenerator/diamond/source/titles.mem -memformat bin 
    Circuit name     : TITLES
    Module type      : EBR_ROM
    Module Version   : 5.4
    Ports            : 
	Inputs       : Address[7:0], OutClock, OutClockEn, Reset
	Outputs      : Q[95:0]
    I/O buffer       : not inserted
    Memory file      : c:/users/reinhard/documents/github_lumacode/lumacode/signalgenerator/diamond/source/titles.mem
    EDIF output      : TITLES.edn
    VHDL output      : TITLES.vhd
    VHDL template    : TITLES_tmpl.vhd
    VHDL testbench   : tb_TITLES_tmpl.vhd
    VHDL purpose     : for synthesis and simulation
    Bus notation     : big endian
    Report output    : TITLES.srp
    Estimated Resource Usage:
            EBR : 6

END   SCUBA Module Synthesis

File: TITLES.lpc created.


End process: completed successfully.


Total Warnings:  0

Total Errors:  0


